  apply_class_in_c.c
  change_id.c
  change_password.c
  community.c
  delete_comment.c
  is_liked_by_user.c
  is_user_valid.c
  delete_user.c
  duplicate_check.c
  is_user_mentor.c
  load_classes.c
  load_class_details.c
  login.c
  save_class_info.c
  signup_accept.c
C:\Users\korea\Desktop\HOBBYHIVE 최종\HOBBYHIVE 최종\HOBBYHIVE\c_function\save_class_info.c(1,1): warning C4819: 현재 코드 페이지(949)에서 표시할 수 없는 문자가 파일에 들어 있습니다. 데이터가 손실되지 않게 하려면 해당 파일을 유니코드 형식으로 저장하십시오.
C:\Users\korea\Desktop\HOBBYHIVE 최종\HOBBYHIVE 최종\HOBBYHIVE\c_function\save_class_info.c(7,6): warning C4029: 선언된 정식 매개 변수 목록이 정의와 다릅니다.
  signup_reject.c
  signup_request.c
  user.c
  코드를 생성하고 있습니다...
C:\Program Files\Microsoft Visual Studio\2022\Community\MSBuild\Microsoft\VC\v170\Microsoft.CppBuild.targets(1392,5): warning MSB8012: TargetPath(C:\Users\korea\Desktop\HOBBYHIVE 최종\HOBBYHIVE 최종\HOBBYHIVE\c_function\C_function\build_output\C_function.dll)이(가) Linker의 OutputFile 속성 값(C:\Users\korea\Desktop\HOBBYHIVE 최종\HOBBYHIVE 최종\HOBBYHIVE\c_function\C_function.dll)과 일치하지 않습니다. 이로 인해 프로젝트가 잘못 빌드될 수 있습니다. 이를 수정하려면 $(OutDir), $(TargetName) 및 $(TargetExt) 속성 값이 %(Link.OutputFile)에 지정된 값과 일치해야 합니다.
  LINK : C:\Users\korea\Desktop\HOBBYHIVE 최종\HOBBYHIVE 최종\HOBBYHIVE\c_function\C_function.dll을(를) 찾을 수 없거나 마지막 증분 링크에 의해 빌드되지 않았습니다. 전체 링크를 수행하고 있습니다.
     C:\Users\korea\Desktop\HOBBYHIVE 최종\HOBBYHIVE 최종\HOBBYHIVE\c_function\C_function\build_output\C_function.lib 라이브러리 및 C:\Users\korea\Desktop\HOBBYHIVE 최종\HOBBYHIVE 최종\HOBBYHIVE\c_function\C_function\build_output\C_function.exp 개체를 생성하고 있습니다.
  C_function.vcxproj -> C:\Users\korea\Desktop\HOBBYHIVE 최종\HOBBYHIVE 최종\HOBBYHIVE\c_function\C_function\build_output\C_function.dll
